nohup: ignoring input
ARGS: Namespace(batch_size=1000000, input_file='/afs/crc.nd.edu/group/dmsquare/vol1/data/WIKIPEDIA/wikidata_db/wikidata-20220103-all.json.gz', language_id='en', num_lines_in_dump=432243466, num_lines_read=432243466, out_dir='/afs/crc.nd.edu/group/dmsquare/vol1/data/WIKIPEDIA/wikidata', processes=30)
Starting processes
200000/432243466 lines written in 32.17s. Estimated time to completion is 19.30 hours.
400000/432243466 lines written in 16.30s. Estimated time to completion is 9.78 hours.
600000/432243466 lines written in 13.44s. Estimated time to completion is 8.06 hours.
800000/432243466 lines written in 13.92s. Estimated time to completion is 8.34 hours.
1000000/432243466 lines written in 14.17s. Estimated time to completion is 8.49 hours.
1200000/432243466 lines written in 12.91s. Estimated time to completion is 7.73 hours.
1400000/432243466 lines written in 10.46s. Estimated time to completion is 6.26 hours.
1600000/432243466 lines written in 11.83s. Estimated time to completion is 7.08 hours.
1800000/432243466 lines written in 12.07s. Estimated time to completion is 7.21 hours.
2000000/432243466 lines written in 9.99s. Estimated time to completion is 5.97 hours.
2200000/432243466 lines written in 10.63s. Estimated time to completion is 6.35 hours.
2400000/432243466 lines written in 11.34s. Estimated time to completion is 6.77 hours.
2600000/432243466 lines written in 14.29s. Estimated time to completion is 8.52 hours.
2800000/432243466 lines written in 10.70s. Estimated time to completion is 6.38 hours.
3000000/432243466 lines written in 21.34s. Estimated time to completion is 12.72 hours.
3200000/432243466 lines written in 16.17s. Estimated time to completion is 9.64 hours.
3400000/432243466 lines written in 17.43s. Estimated time to completion is 10.38 hours.
3600000/432243466 lines written in 30.06s. Estimated time to completion is 17.90 hours.
3800000/432243466 lines written in 41.71s. Estimated time to completion is 24.82 hours.
4000000/432243466 lines written in 46.21s. Estimated time to completion is 27.49 hours.
4200000/432243466 lines written in 46.01s. Estimated time to completion is 27.35 hours.
4400000/432243466 lines written in 29.10s. Estimated time to completion is 17.29 hours.
4600000/432243466 lines written in 26.21s. Estimated time to completion is 15.57 hours.
4800000/432243466 lines written in 35.41s. Estimated time to completion is 21.02 hours.
5000000/432243466 lines written in 20.82s. Estimated time to completion is 12.36 hours.
5200000/432243466 lines written in 35.07s. Estimated time to completion is 20.80 hours.
5400000/432243466 lines written in 29.27s. Estimated time to completion is 17.35 hours.
5600000/432243466 lines written in 18.52s. Estimated time to completion is 10.98 hours.
5800000/432243466 lines written in 42.63s. Estimated time to completion is 25.25 hours.
6000000/432243466 lines written in 26.95s. Estimated time to completion is 15.96 hours.
6200000/432243466 lines written in 22.37s. Estimated time to completion is 13.24 hours.
6400000/432243466 lines written in 20.00s. Estimated time to completion is 11.83 hours.
6600000/432243466 lines written in 14.56s. Estimated time to completion is 8.61 hours.
6800000/432243466 lines written in 15.09s. Estimated time to completion is 8.92 hours.
7000000/432243466 lines written in 12.34s. Estimated time to completion is 7.29 hours.
7200000/432243466 lines written in 16.91s. Estimated time to completion is 9.98 hours.
7400000/432243466 lines written in 22.71s. Estimated time to completion is 13.40 hours.
7600000/432243466 lines written in 23.23s. Estimated time to completion is 13.70 hours.
7800000/432243466 lines written in 23.28s. Estimated time to completion is 13.72 hours.
8000000/432243466 lines written in 23.34s. Estimated time to completion is 13.75 hours.
8200000/432243466 lines written in 26.33s. Estimated time to completion is 15.51 hours.
8400000/432243466 lines written in 26.83s. Estimated time to completion is 15.79 hours.
8600000/432243466 lines written in 26.59s. Estimated time to completion is 15.65 hours.
8800000/432243466 lines written in 23.25s. Estimated time to completion is 13.68 hours.
9000000/432243466 lines written in 19.22s. Estimated time to completion is 11.30 hours.
9200000/432243466 lines written in 18.51s. Estimated time to completion is 10.88 hours.
9400000/432243466 lines written in 17.24s. Estimated time to completion is 10.12 hours.
9600000/432243466 lines written in 22.55s. Estimated time to completion is 13.23 hours.
9800000/432243466 lines written in 17.71s. Estimated time to completion is 10.39 hours.
10000000/432243466 lines written in 17.80s. Estimated time to completion is 10.44 hours.
10200000/432243466 lines written in 27.94s. Estimated time to completion is 16.38 hours.
10400000/432243466 lines written in 22.60s. Estimated time to completion is 13.24 hours.
10600000/432243466 lines written in 22.42s. Estimated time to completion is 13.13 hours.
10800000/432243466 lines written in 13.10s. Estimated time to completion is 7.67 hours.
11000000/432243466 lines written in 12.29s. Estimated time to completion is 7.19 hours.
11200000/432243466 lines written in 12.55s. Estimated time to completion is 7.34 hours.
11400000/432243466 lines written in 13.29s. Estimated time to completion is 7.77 hours.
11600000/432243466 lines written in 11.93s. Estimated time to completion is 6.97 hours.
11800000/432243466 lines written in 12.78s. Estimated time to completion is 7.46 hours.
12000000/432243466 lines written in 11.83s. Estimated time to completion is 6.91 hours.
12200000/432243466 lines written in 26.13s. Estimated time to completion is 15.25 hours.
12400000/432243466 lines written in 15.81s. Estimated time to completion is 9.22 hours.
12600000/432243466 lines written in 14.40s. Estimated time to completion is 8.40 hours.
12800000/432243466 lines written in 12.28s. Estimated time to completion is 7.16 hours.
13000000/432243466 lines written in 14.26s. Estimated time to completion is 8.30 hours.
13200000/432243466 lines written in 11.59s. Estimated time to completion is 6.75 hours.
13400000/432243466 lines written in 11.66s. Estimated time to completion is 6.78 hours.
13600000/432243466 lines written in 13.87s. Estimated time to completion is 8.07 hours.
13800000/432243466 lines written in 12.26s. Estimated time to completion is 7.13 hours.
14000000/432243466 lines written in 11.09s. Estimated time to completion is 6.44 hours.
14200000/432243466 lines written in 9.96s. Estimated time to completion is 5.79 hours.
14400000/432243466 lines written in 13.10s. Estimated time to completion is 7.60 hours.
14600000/432243466 lines written in 14.28s. Estimated time to completion is 8.28 hours.
14800000/432243466 lines written in 9.71s. Estimated time to completion is 5.63 hours.
15000000/432243466 lines written in 22.08s. Estimated time to completion is 12.80 hours.
15200000/432243466 lines written in 13.96s. Estimated time to completion is 8.09 hours.
15400000/432243466 lines written in 21.59s. Estimated time to completion is 12.50 hours.
15600000/432243466 lines written in 30.89s. Estimated time to completion is 17.88 hours.
15800000/432243466 lines written in 42.04s. Estimated time to completion is 24.32 hours.
16000000/432243466 lines written in 46.02s. Estimated time to completion is 26.61 hours.
16200000/432243466 lines written in 34.04s. Estimated time to completion is 19.67 hours.
16400000/432243466 lines written in 33.83s. Estimated time to completion is 19.54 hours.
16600000/432243466 lines written in 37.52s. Estimated time to completion is 21.66 hours.
16800000/432243466 lines written in 25.93s. Estimated time to completion is 14.96 hours.
17000000/432243466 lines written in 21.90s. Estimated time to completion is 12.63 hours.
17200000/432243466 lines written in 28.62s. Estimated time to completion is 16.50 hours.
17400000/432243466 lines written in 29.70s. Estimated time to completion is 17.11 hours.
17600000/432243466 lines written in 29.43s. Estimated time to completion is 16.95 hours.
17800000/432243466 lines written in 28.47s. Estimated time to completion is 16.39 hours.
18000000/432243466 lines written in 26.48s. Estimated time to completion is 15.23 hours.
18200000/432243466 lines written in 17.46s. Estimated time to completion is 10.04 hours.
18400000/432243466 lines written in 17.24s. Estimated time to completion is 9.91 hours.
18600000/432243466 lines written in 22.02s. Estimated time to completion is 12.65 hours.
18800000/432243466 lines written in 13.57s. Estimated time to completion is 7.79 hours.
19000000/432243466 lines written in 12.79s. Estimated time to completion is 7.34 hours.
19200000/432243466 lines written in 12.85s. Estimated time to completion is 7.37 hours.
19400000/432243466 lines written in 21.86s. Estimated time to completion is 12.53 hours.
19600000/432243466 lines written in 17.54s. Estimated time to completion is 10.05 hours.
19800000/432243466 lines written in 23.76s. Estimated time to completion is 13.61 hours.
20000000/432243466 lines written in 16.29s. Estimated time to completion is 9.33 hours.
20200000/432243466 lines written in 17.34s. Estimated time to completion is 9.93 hours.
20400000/432243466 lines written in 15.26s. Estimated time to completion is 8.73 hours.
20600000/432243466 lines written in 15.65s. Estimated time to completion is 8.95 hours.
20800000/432243466 lines written in 16.98s. Estimated time to completion is 9.71 hours.
21000000/432243466 lines written in 16.14s. Estimated time to completion is 9.22 hours.
21200000/432243466 lines written in 13.63s. Estimated time to completion is 7.78 hours.
21400000/432243466 lines written in 24.11s. Estimated time to completion is 13.76 hours.
21600000/432243466 lines written in 20.18s. Estimated time to completion is 11.51 hours.
21800000/432243466 lines written in 17.73s. Estimated time to completion is 10.11 hours.
22000000/432243466 lines written in 15.93s. Estimated time to completion is 9.08 hours.
22200000/432243466 lines written in 20.44s. Estimated time to completion is 11.64 hours.
22400000/432243466 lines written in 24.63s. Estimated time to completion is 14.02 hours.
22600000/432243466 lines written in 19.11s. Estimated time to completion is 10.87 hours.
22800000/432243466 lines written in 17.13s. Estimated time to completion is 9.74 hours.
23000000/432243466 lines written in 14.29s. Estimated time to completion is 8.12 hours.
23200000/432243466 lines written in 12.89s. Estimated time to completion is 7.32 hours.
23400000/432243466 lines written in 11.71s. Estimated time to completion is 6.65 hours.
23600000/432243466 lines written in 12.55s. Estimated time to completion is 7.12 hours.
23800000/432243466 lines written in 8.74s. Estimated time to completion is 4.96 hours.
24000000/432243466 lines written in 13.58s. Estimated time to completion is 7.70 hours.
24200000/432243466 lines written in 24.43s. Estimated time to completion is 13.85 hours.
24400000/432243466 lines written in 13.98s. Estimated time to completion is 7.92 hours.
24600000/432243466 lines written in 14.16s. Estimated time to completion is 8.02 hours.
24800000/432243466 lines written in 12.98s. Estimated time to completion is 7.35 hours.
25000000/432243466 lines written in 14.28s. Estimated time to completion is 8.08 hours.
25200000/432243466 lines written in 11.52s. Estimated time to completion is 6.51 hours.
25400000/432243466 lines written in 9.94s. Estimated time to completion is 5.62 hours.
25600000/432243466 lines written in 18.65s. Estimated time to completion is 10.53 hours.
25800000/432243466 lines written in 11.92s. Estimated time to completion is 6.73 hours.
26000000/432243466 lines written in 11.33s. Estimated time to completion is 6.39 hours.
26200000/432243466 lines written in 10.48s. Estimated time to completion is 5.91 hours.
26400000/432243466 lines written in 10.78s. Estimated time to completion is 6.08 hours.
26600000/432243466 lines written in 15.44s. Estimated time to completion is 8.70 hours.
26800000/432243466 lines written in 11.10s. Estimated time to completion is 6.25 hours.
27000000/432243466 lines written in 21.73s. Estimated time to completion is 12.23 hours.
27200000/432243466 lines written in 17.10s. Estimated time to completion is 9.62 hours.
27400000/432243466 lines written in 15.36s. Estimated time to completion is 8.64 hours.
27600000/432243466 lines written in 32.63s. Estimated time to completion is 18.34 hours.
27800000/432243466 lines written in 39.27s. Estimated time to completion is 22.06 hours.
28000000/432243466 lines written in 45.34s. Estimated time to completion is 25.45 hours.
28200000/432243466 lines written in 33.17s. Estimated time to completion is 18.62 hours.
28400000/432243466 lines written in 28.53s. Estimated time to completion is 16.00 hours.
28600000/432243466 lines written in 29.79s. Estimated time to completion is 16.70 hours.
28800000/432243466 lines written in 33.68s. Estimated time to completion is 18.87 hours.
29000000/432243466 lines written in 22.71s. Estimated time to completion is 12.72 hours.
29200000/432243466 lines written in 28.16s. Estimated time to completion is 15.77 hours.
29400000/432243466 lines written in 24.88s. Estimated time to completion is 13.92 hours.
29600000/432243466 lines written in 19.66s. Estimated time to completion is 10.99 hours.
29800000/432243466 lines written in 25.74s. Estimated time to completion is 14.39 hours.
30000000/432243466 lines written in 25.30s. Estimated time to completion is 14.13 hours.
30200000/432243466 lines written in 16.31s. Estimated time to completion is 9.11 hours.
30400000/432243466 lines written in 17.26s. Estimated time to completion is 9.63 hours.
30600000/432243466 lines written in 12.64s. Estimated time to completion is 7.05 hours.
30800000/432243466 lines written in 22.41s. Estimated time to completion is 12.49 hours.
31000000/432243466 lines written in 13.56s. Estimated time to completion is 7.55 hours.
31200000/432243466 lines written in 11.37s. Estimated time to completion is 6.34 hours.
31400000/432243466 lines written in 16.29s. Estimated time to completion is 9.07 hours.
31600000/432243466 lines written in 17.19s. Estimated time to completion is 9.56 hours.
31800000/432243466 lines written in 17.04s. Estimated time to completion is 9.48 hours.
32000000/432243466 lines written in 16.13s. Estimated time to completion is 8.97 hours.
32200000/432243466 lines written in 17.87s. Estimated time to completion is 9.93 hours.
32400000/432243466 lines written in 16.45s. Estimated time to completion is 9.14 hours.
32600000/432243466 lines written in 13.86s. Estimated time to completion is 7.69 hours.
32800000/432243466 lines written in 19.38s. Estimated time to completion is 10.75 hours.
33000000/432243466 lines written in 17.87s. Estimated time to completion is 9.91 hours.
33200000/432243466 lines written in 13.04s. Estimated time to completion is 7.23 hours.
33400000/432243466 lines written in 15.21s. Estimated time to completion is 8.43 hours.
33600000/432243466 lines written in 18.45s. Estimated time to completion is 10.21 hours.
33800000/432243466 lines written in 20.71s. Estimated time to completion is 11.46 hours.
34000000/432243466 lines written in 18.16s. Estimated time to completion is 10.04 hours.
34200000/432243466 lines written in 20.86s. Estimated time to completion is 11.53 hours.
34400000/432243466 lines written in 23.18s. Estimated time to completion is 12.81 hours.
34600000/432243466 lines written in 23.59s. Estimated time to completion is 13.03 hours.
34800000/432243466 lines written in 20.30s. Estimated time to completion is 11.21 hours.
35000000/432243466 lines written in 15.24s. Estimated time to completion is 8.41 hours.
35200000/432243466 lines written in 15.41s. Estimated time to completion is 8.50 hours.
35400000/432243466 lines written in 11.98s. Estimated time to completion is 6.60 hours.
35600000/432243466 lines written in 9.96s. Estimated time to completion is 5.49 hours.
35800000/432243466 lines written in 10.27s. Estimated time to completion is 5.65 hours.
36000000/432243466 lines written in 16.86s. Estimated time to completion is 9.28 hours.
36200000/432243466 lines written in 24.94s. Estimated time to completion is 13.72 hours.
36400000/432243466 lines written in 13.64s. Estimated time to completion is 7.50 hours.
36600000/432243466 lines written in 11.71s. Estimated time to completion is 6.44 hours.
36800000/432243466 lines written in 13.80s. Estimated time to completion is 7.58 hours.
37000000/432243466 lines written in 13.77s. Estimated time to completion is 7.56 hours.
37200000/432243466 lines written in 12.55s. Estimated time to completion is 6.89 hours.
37400000/432243466 lines written in 11.10s. Estimated time to completion is 6.09 hours.
37600000/432243466 lines written in 12.59s. Estimated time to completion is 6.90 hours.
37800000/432243466 lines written in 10.36s. Estimated time to completion is 5.68 hours.
38000000/432243466 lines written in 11.24s. Estimated time to completion is 6.15 hours.
38200000/432243466 lines written in 10.41s. Estimated time to completion is 5.70 hours.
38400000/432243466 lines written in 12.95s. Estimated time to completion is 7.09 hours.
38600000/432243466 lines written in 16.22s. Estimated time to completion is 8.87 hours.
38800000/432243466 lines written in 11.89s. Estimated time to completion is 6.50 hours.
39000000/432243466 lines written in 42.90s. Estimated time to completion is 23.43 hours.
39200000/432243466 lines written in 19.97s. Estimated time to completion is 10.90 hours.
39400000/432243466 lines written in 16.71s. Estimated time to completion is 9.12 hours.
39600000/432243466 lines written in 36.35s. Estimated time to completion is 19.82 hours.
39800000/432243466 lines written in 40.38s. Estimated time to completion is 22.01 hours.
40000000/432243466 lines written in 54.64s. Estimated time to completion is 29.77 hours.
40200000/432243466 lines written in 37.30s. Estimated time to completion is 20.31 hours.
40400000/432243466 lines written in 32.13s. Estimated time to completion is 17.49 hours.
40600000/432243466 lines written in 41.33s. Estimated time to completion is 22.48 hours.
40800000/432243466 lines written in 49.99s. Estimated time to completion is 27.18 hours.
41000000/432243466 lines written in 31.64s. Estimated time to completion is 17.19 hours.
41200000/432243466 lines written in 31.07s. Estimated time to completion is 16.87 hours.
41400000/432243466 lines written in 25.42s. Estimated time to completion is 13.80 hours.
41600000/432243466 lines written in 22.89s. Estimated time to completion is 12.42 hours.
41800000/432243466 lines written in 25.75s. Estimated time to completion is 13.96 hours.
42000000/432243466 lines written in 26.68s. Estimated time to completion is 14.46 hours.
42200000/432243466 lines written in 19.96s. Estimated time to completion is 10.81 hours.
42400000/432243466 lines written in 18.97s. Estimated time to completion is 10.27 hours.
42600000/432243466 lines written in 14.06s. Estimated time to completion is 7.61 hours.
42800000/432243466 lines written in 14.83s. Estimated time to completion is 8.02 hours.
43000000/432243466 lines written in 17.28s. Estimated time to completion is 9.34 hours.
43200000/432243466 lines written in 41.78s. Estimated time to completion is 22.58 hours.
43400000/432243466 lines written in 22.80s. Estimated time to completion is 12.31 hours.
43600000/432243466 lines written in 16.64s. Estimated time to completion is 8.98 hours.
43800000/432243466 lines written in 17.15s. Estimated time to completion is 9.25 hours.
44000000/432243466 lines written in 19.32s. Estimated time to completion is 10.42 hours.
44200000/432243466 lines written in 34.17s. Estimated time to completion is 18.42 hours.
44400000/432243466 lines written in 20.62s. Estimated time to completion is 11.11 hours.
44600000/432243466 lines written in 18.13s. Estimated time to completion is 9.76 hours.
44800000/432243466 lines written in 36.40s. Estimated time to completion is 19.59 hours.
45000000/432243466 lines written in 20.95s. Estimated time to completion is 11.27 hours.
45200000/432243466 lines written in 13.98s. Estimated time to completion is 7.52 hours.
45400000/432243466 lines written in 17.53s. Estimated time to completion is 9.42 hours.
45600000/432243466 lines written in 26.50s. Estimated time to completion is 14.23 hours.
45800000/432243466 lines written in 64.01s. Estimated time to completion is 34.36 hours.
46000000/432243466 lines written in 31.85s. Estimated time to completion is 17.09 hours.
46200000/432243466 lines written in 44.57s. Estimated time to completion is 23.90 hours.
46400000/432243466 lines written in 45.29s. Estimated time to completion is 24.27 hours.
46600000/432243466 lines written in 35.86s. Estimated time to completion is 19.21 hours.
46800000/432243466 lines written in 35.92s. Estimated time to completion is 19.23 hours.
47000000/432243466 lines written in 31.34s. Estimated time to completion is 16.77 hours.
47200000/432243466 lines written in 29.49s. Estimated time to completion is 15.77 hours.
47400000/432243466 lines written in 49.90s. Estimated time to completion is 26.67 hours.
47600000/432243466 lines written in 16.12s. Estimated time to completion is 8.61 hours.
47800000/432243466 lines written in 11.85s. Estimated time to completion is 6.33 hours.
48000000/432243466 lines written in 19.91s. Estimated time to completion is 10.62 hours.
48200000/432243466 lines written in 32.42s. Estimated time to completion is 17.29 hours.
48400000/432243466 lines written in 21.17s. Estimated time to completion is 11.28 hours.
48600000/432243466 lines written in 12.85s. Estimated time to completion is 6.85 hours.
48800000/432243466 lines written in 14.54s. Estimated time to completion is 7.74 hours.
49000000/432243466 lines written in 16.04s. Estimated time to completion is 8.54 hours.
49200000/432243466 lines written in 14.76s. Estimated time to completion is 7.85 hours.
49400000/432243466 lines written in 12.26s. Estimated time to completion is 6.52 hours.
49600000/432243466 lines written in 12.19s. Estimated time to completion is 6.48 hours.
49800000/432243466 lines written in 11.96s. Estimated time to completion is 6.35 hours.
50000000/432243466 lines written in 10.13s. Estimated time to completion is 5.38 hours.
50200000/432243466 lines written in 13.67s. Estimated time to completion is 7.25 hours.
50400000/432243466 lines written in 14.01s. Estimated time to completion is 7.43 hours.
50600000/432243466 lines written in 18.71s. Estimated time to completion is 9.92 hours.
50800000/432243466 lines written in 33.76s. Estimated time to completion is 17.89 hours.
51000000/432243466 lines written in 37.68s. Estimated time to completion is 19.95 hours.
51200000/432243466 lines written in 20.84s. Estimated time to completion is 11.03 hours.
51400000/432243466 lines written in 14.81s. Estimated time to completion is 7.84 hours.
51600000/432243466 lines written in 39.27s. Estimated time to completion is 20.76 hours.
51800000/432243466 lines written in 40.24s. Estimated time to completion is 21.26 hours.
52000000/432243466 lines written in 49.65s. Estimated time to completion is 26.22 hours.
52200000/432243466 lines written in 41.83s. Estimated time to completion is 22.08 hours.
52400000/432243466 lines written in 32.73s. Estimated time to completion is 17.27 hours.
52600000/432243466 lines written in 39.64s. Estimated time to completion is 20.90 hours.
52800000/432243466 lines written in 26.57s. Estimated time to completion is 14.00 hours.
53000000/432243466 lines written in 28.98s. Estimated time to completion is 15.26 hours.
53200000/432243466 lines written in 37.67s. Estimated time to completion is 19.83 hours.
53400000/432243466 lines written in 24.42s. Estimated time to completion is 12.85 hours.
53600000/432243466 lines written in 22.70s. Estimated time to completion is 11.94 hours.
53800000/432243466 lines written in 35.84s. Estimated time to completion is 18.84 hours.
54000000/432243466 lines written in 38.73s. Estimated time to completion is 20.35 hours.
54200000/432243466 lines written in 29.19s. Estimated time to completion is 15.33 hours.
54400000/432243466 lines written in 19.67s. Estimated time to completion is 10.32 hours.
54600000/432243466 lines written in 32.95s. Estimated time to completion is 17.28 hours.
54800000/432243466 lines written in 18.75s. Estimated time to completion is 9.83 hours.
55000000/432243466 lines written in 19.38s. Estimated time to completion is 10.15 hours.
55200000/432243466 lines written in 15.25s. Estimated time to completion is 7.99 hours.
55400000/432243466 lines written in 20.72s. Estimated time to completion is 10.85 hours.
55600000/432243466 lines written in 22.18s. Estimated time to completion is 11.60 hours.
55800000/432243466 lines written in 18.51s. Estimated time to completion is 9.68 hours.
56000000/432243466 lines written in 19.72s. Estimated time to completion is 10.30 hours.
56200000/432243466 lines written in 20.54s. Estimated time to completion is 10.73 hours.
56400000/432243466 lines written in 15.07s. Estimated time to completion is 7.87 hours.
56600000/432243466 lines written in 22.49s. Estimated time to completion is 11.73 hours.
56800000/432243466 lines written in 21.10s. Estimated time to completion is 11.00 hours.
57000000/432243466 lines written in 21.92s. Estimated time to completion is 11.43 hours.
57200000/432243466 lines written in 17.09s. Estimated time to completion is 8.90 hours.
57400000/432243466 lines written in 17.61s. Estimated time to completion is 9.17 hours.
57600000/432243466 lines written in 27.98s. Estimated time to completion is 14.56 hours.
57800000/432243466 lines written in 25.03s. Estimated time to completion is 13.02 hours.
58000000/432243466 lines written in 18.61s. Estimated time to completion is 9.67 hours.
58200000/432243466 lines written in 24.82s. Estimated time to completion is 12.89 hours.
58400000/432243466 lines written in 23.68s. Estimated time to completion is 12.30 hours.
58600000/432243466 lines written in 17.95s. Estimated time to completion is 9.32 hours.
58800000/432243466 lines written in 16.74s. Estimated time to completion is 8.68 hours.
59000000/432243466 lines written in 12.79s. Estimated time to completion is 6.63 hours.
59200000/432243466 lines written in 13.68s. Estimated time to completion is 7.09 hours.
59400000/432243466 lines written in 10.68s. Estimated time to completion is 5.53 hours.
59600000/432243466 lines written in 10.80s. Estimated time to completion is 5.59 hours.
59800000/432243466 lines written in 10.53s. Estimated time to completion is 5.45 hours.
60000000/432243466 lines written in 21.03s. Estimated time to completion is 10.87 hours.
60200000/432243466 lines written in 17.80s. Estimated time to completion is 9.20 hours.
60400000/432243466 lines written in 20.08s. Estimated time to completion is 10.37 hours.
60600000/432243466 lines written in 11.79s. Estimated time to completion is 6.09 hours.
60800000/432243466 lines written in 12.53s. Estimated time to completion is 6.46 hours.
61000000/432243466 lines written in 16.82s. Estimated time to completion is 8.67 hours.
61200000/432243466 lines written in 10.99s. Estimated time to completion is 5.67 hours.
61400000/432243466 lines written in 13.98s. Estimated time to completion is 7.20 hours.
61600000/432243466 lines written in 10.94s. Estimated time to completion is 5.63 hours.
61800000/432243466 lines written in 11.30s. Estimated time to completion is 5.82 hours.
62000000/432243466 lines written in 9.26s. Estimated time to completion is 4.76 hours.
62200000/432243466 lines written in 12.95s. Estimated time to completion is 6.66 hours.
62400000/432243466 lines written in 12.08s. Estimated time to completion is 6.20 hours.
62600000/432243466 lines written in 14.13s. Estimated time to completion is 7.25 hours.
62800000/432243466 lines written in 12.33s. Estimated time to completion is 6.32 hours.
63000000/432243466 lines written in 21.69s. Estimated time to completion is 11.13 hours.
63200000/432243466 lines written in 17.26s. Estimated time to completion is 8.85 hours.
63400000/432243466 lines written in 18.89s. Estimated time to completion is 9.68 hours.
63600000/432243466 lines written in 37.96s. Estimated time to completion is 19.43 hours.
63800000/432243466 lines written in 35.71s. Estimated time to completion is 18.27 hours.
64000000/432243466 lines written in 42.80s. Estimated time to completion is 21.89 hours.
64200000/432243466 lines written in 32.33s. Estimated time to completion is 16.53 hours.
64400000/432243466 lines written in 38.58s. Estimated time to completion is 19.71 hours.
64600000/432243466 lines written in 27.41s. Estimated time to completion is 14.00 hours.
64800000/432243466 lines written in 23.40s. Estimated time to completion is 11.94 hours.
65000000/432243466 lines written in 25.73s. Estimated time to completion is 13.12 hours.
65200000/432243466 lines written in 27.45s. Estimated time to completion is 14.00 hours.
65400000/432243466 lines written in 22.97s. Estimated time to completion is 11.70 hours.
65600000/432243466 lines written in 23.40s. Estimated time to completion is 11.92 hours.
65800000/432243466 lines written in 30.19s. Estimated time to completion is 15.37 hours.
66000000/432243466 lines written in 23.58s. Estimated time to completion is 12.00 hours.
66200000/432243466 lines written in 20.58s. Estimated time to completion is 10.46 hours.
66400000/432243466 lines written in 18.27s. Estimated time to completion is 9.28 hours.
66600000/432243466 lines written in 15.09s. Estimated time to completion is 7.66 hours.
66800000/432243466 lines written in 13.06s. Estimated time to completion is 6.63 hours.
67000000/432243466 lines written in 18.46s. Estimated time to completion is 9.37 hours.
67200000/432243466 lines written in 10.93s. Estimated time to completion is 5.54 hours.
67400000/432243466 lines written in 14.43s. Estimated time to completion is 7.31 hours.
67600000/432243466 lines written in 18.02s. Estimated time to completion is 9.13 hours.
67800000/432243466 lines written in 16.01s. Estimated time to completion is 8.10 hours.
68000000/432243466 lines written in 15.33s. Estimated time to completion is 7.76 hours.
68200000/432243466 lines written in 16.74s. Estimated time to completion is 8.46 hours.
68400000/432243466 lines written in 12.01s. Estimated time to completion is 6.07 hours.
68600000/432243466 lines written in 18.93s. Estimated time to completion is 9.56 hours.
68800000/432243466 lines written in 16.07s. Estimated time to completion is 8.11 hours.
69000000/432243466 lines written in 16.36s. Estimated time to completion is 8.25 hours.
69200000/432243466 lines written in 14.69s. Estimated time to completion is 7.41 hours.
69400000/432243466 lines written in 19.40s. Estimated time to completion is 9.78 hours.
69600000/432243466 lines written in 17.09s. Estimated time to completion is 8.61 hours.
69800000/432243466 lines written in 21.57s. Estimated time to completion is 10.86 hours.
70000000/432243466 lines written in 18.38s. Estimated time to completion is 9.25 hours.
70200000/432243466 lines written in 20.25s. Estimated time to completion is 10.18 hours.
70400000/432243466 lines written in 22.21s. Estimated time to completion is 11.16 hours.
70600000/432243466 lines written in 21.62s. Estimated time to completion is 10.86 hours.
70800000/432243466 lines written in 11.76s. Estimated time to completion is 5.91 hours.
71000000/432243466 lines written in 17.55s. Estimated time to completion is 8.81 hours.
71200000/432243466 lines written in 12.68s. Estimated time to completion is 6.36 hours.
71400000/432243466 lines written in 10.64s. Estimated time to completion is 5.33 hours.
71600000/432243466 lines written in 12.49s. Estimated time to completion is 6.25 hours.
71800000/432243466 lines written in 8.89s. Estimated time to completion is 4.45 hours.
72000000/432243466 lines written in 24.08s. Estimated time to completion is 12.05 hours.
72200000/432243466 lines written in 20.02s. Estimated time to completion is 10.01 hours.
72400000/432243466 lines written in 18.75s. Estimated time to completion is 9.37 hours.
72600000/432243466 lines written in 14.73s. Estimated time to completion is 7.36 hours.
72800000/432243466 lines written in 15.09s. Estimated time to completion is 7.54 hours.
73000000/432243466 lines written in 14.14s. Estimated time to completion is 7.06 hours.
73200000/432243466 lines written in 10.81s. Estimated time to completion is 5.39 hours.
73400000/432243466 lines written in 10.19s. Estimated time to completion is 5.08 hours.
73600000/432243466 lines written in 13.40s. Estimated time to completion is 6.67 hours.
73800000/432243466 lines written in 10.33s. Estimated time to completion is 5.14 hours.
74000000/432243466 lines written in 11.96s. Estimated time to completion is 5.95 hours.
74200000/432243466 lines written in 13.47s. Estimated time to completion is 6.70 hours.
74400000/432243466 lines written in 15.25s. Estimated time to completion is 7.58 hours.
74600000/432243466 lines written in 17.26s. Estimated time to completion is 8.57 hours.
74800000/432243466 lines written in 17.37s. Estimated time to completion is 8.62 hours.
75000000/432243466 lines written in 22.68s. Estimated time to completion is 11.25 hours.
75200000/432243466 lines written in 21.54s. Estimated time to completion is 10.68 hours.
75400000/432243466 lines written in 12.48s. Estimated time to completion is 6.19 hours.
75600000/432243466 lines written in 42.50s. Estimated time to completion is 21.05 hours.
75800000/432243466 lines written in 46.02s. Estimated time to completion is 22.78 hours.
76000000/432243466 lines written in 44.63s. Estimated time to completion is 22.08 hours.
76200000/432243466 lines written in 34.72s. Estimated time to completion is 17.17 hours.
76400000/432243466 lines written in 28.68s. Estimated time to completion is 14.17 hours.
76600000/432243466 lines written in 29.37s. Estimated time to completion is 14.51 hours.
76800000/432243466 lines written in 34.92s. Estimated time to completion is 17.24 hours.
77000000/432243466 lines written in 27.07s. Estimated time to completion is 13.36 hours.
77200000/432243466 lines written in 30.58s. Estimated time to completion is 15.08 hours.
77400000/432243466 lines written in 22.61s. Estimated time to completion is 11.14 hours.
77600000/432243466 lines written in 24.01s. Estimated time to completion is 11.83 hours.
77800000/432243466 lines written in 29.41s. Estimated time to completion is 14.48 hours.
78000000/432243466 lines written in 22.68s. Estimated time to completion is 11.16 hours.
78200000/432243466 lines written in 17.13s. Estimated time to completion is 8.42 hours.
78400000/432243466 lines written in 18.67s. Estimated time to completion is 9.18 hours.
78600000/432243466 lines written in 13.79s. Estimated time to completion is 6.77 hours.
78800000/432243466 lines written in 17.83s. Estimated time to completion is 8.75 hours.
79000000/432243466 lines written in 15.00s. Estimated time to completion is 7.36 hours.
79200000/432243466 lines written in 11.04s. Estimated time to completion is 5.41 hours.
79400000/432243466 lines written in 14.63s. Estimated time to completion is 7.17 hours.
79600000/432243466 lines written in 20.01s. Estimated time to completion is 9.80 hours.
79800000/432243466 lines written in 20.71s. Estimated time to completion is 10.14 hours.
80000000/432243466 lines written in 19.05s. Estimated time to completion is 9.32 hours.
80200000/432243466 lines written in 17.28s. Estimated time to completion is 8.45 hours.
80400000/432243466 lines written in 10.99s. Estimated time to completion is 5.37 hours.
80600000/432243466 lines written in 19.67s. Estimated time to completion is 9.61 hours.
80800000/432243466 lines written in 17.54s. Estimated time to completion is 8.56 hours.
81000000/432243466 lines written in 17.46s. Estimated time to completion is 8.52 hours.
81200000/432243466 lines written in 12.15s. Estimated time to completion is 5.92 hours.
81400000/432243466 lines written in 18.25s. Estimated time to completion is 8.89 hours.
81600000/432243466 lines written in 15.63s. Estimated time to completion is 7.61 hours.
81800000/432243466 lines written in 23.60s. Estimated time to completion is 11.49 hours.
82000000/432243466 lines written in 21.76s. Estimated time to completion is 10.58 hours.
82200000/432243466 lines written in 20.71s. Estimated time to completion is 10.07 hours.
82400000/432243466 lines written in 25.10s. Estimated time to completion is 12.19 hours.
82600000/432243466 lines written in 15.19s. Estimated time to completion is 7.38 hours.
82800000/432243466 lines written in 15.62s. Estimated time to completion is 7.58 hours.
83000000/432243466 lines written in 22.34s. Estimated time to completion is 10.84 hours.
83200000/432243466 lines written in 14.84s. Estimated time to completion is 7.19 hours.
83400000/432243466 lines written in 12.35s. Estimated time to completion is 5.99 hours.
83600000/432243466 lines written in 11.30s. Estimated time to completion is 5.47 hours.
83800000/432243466 lines written in 11.85s. Estimated time to completion is 5.73 hours.
84000000/432243466 lines written in 22.72s. Estimated time to completion is 10.99 hours.
84200000/432243466 lines written in 18.60s. Estimated time to completion is 8.99 hours.
84400000/432243466 lines written in 16.01s. Estimated time to completion is 7.73 hours.
84600000/432243466 lines written in 13.18s. Estimated time to completion is 6.36 hours.
84800000/432243466 lines written in 15.35s. Estimated time to completion is 7.41 hours.
85000000/432243466 lines written in 14.01s. Estimated time to completion is 6.76 hours.
85200000/432243466 lines written in 12.41s. Estimated time to completion is 5.98 hours.
85400000/432243466 lines written in 10.58s. Estimated time to completion is 5.10 hours.
85600000/432243466 lines written in 12.98s. Estimated time to completion is 6.25 hours.
85800000/432243466 lines written in 11.07s. Estimated time to completion is 5.33 hours.
86000000/432243466 lines written in 10.55s. Estimated time to completion is 5.07 hours.
86200000/432243466 lines written in 12.22s. Estimated time to completion is 5.87 hours.
86400000/432243466 lines written in 12.65s. Estimated time to completion is 6.08 hours.
86600000/432243466 lines written in 14.86s. Estimated time to completion is 7.13 hours.
86800000/432243466 lines written in 16.25s. Estimated time to completion is 7.79 hours.
87000000/432243466 lines written in 24.16s. Estimated time to completion is 11.58 hours.
87200000/432243466 lines written in 25.85s. Estimated time to completion is 12.39 hours.
87400000/432243466 lines written in 14.39s. Estimated time to completion is 6.89 hours.
87600000/432243466 lines written in 43.08s. Estimated time to completion is 20.62 hours.
87800000/432243466 lines written in 40.71s. Estimated time to completion is 19.48 hours.
88000000/432243466 lines written in 49.49s. Estimated time to completion is 23.66 hours.
88200000/432243466 lines written in 34.89s. Estimated time to completion is 16.67 hours.
88400000/432243466 lines written in 28.59s. Estimated time to completion is 13.65 hours.
88600000/432243466 lines written in 32.30s. Estimated time to completion is 15.42 hours.
88800000/432243466 lines written in 25.08s. Estimated time to completion is 11.96 hours.
89000000/432243466 lines written in 27.71s. Estimated time to completion is 13.21 hours.
89200000/432243466 lines written in 32.94s. Estimated time to completion is 15.69 hours.
89400000/432243466 lines written in 18.14s. Estimated time to completion is 8.64 hours.
89600000/432243466 lines written in 24.74s. Estimated time to completion is 11.77 hours.
89800000/432243466 lines written in 25.40s. Estimated time to completion is 12.08 hours.
90000000/432243466 lines written in 22.57s. Estimated time to completion is 10.73 hours.
90200000/432243466 lines written in 18.23s. Estimated time to completion is 8.66 hours.
90400000/432243466 lines written in 18.77s. Estimated time to completion is 8.91 hours.
90600000/432243466 lines written in 16.13s. Estimated time to completion is 7.65 hours.
90800000/432243466 lines written in 14.32s. Estimated time to completion is 6.79 hours.
91000000/432243466 lines written in 15.94s. Estimated time to completion is 7.55 hours.
91200000/432243466 lines written in 19.80s. Estimated time to completion is 9.38 hours.
91400000/432243466 lines written in 16.33s. Estimated time to completion is 7.73 hours.
91600000/432243466 lines written in 16.38s. Estimated time to completion is 7.75 hours.
91800000/432243466 lines written in 17.46s. Estimated time to completion is 8.26 hours.
92000000/432243466 lines written in 17.72s. Estimated time to completion is 8.37 hours.
92200000/432243466 lines written in 19.04s. Estimated time to completion is 8.99 hours.
92400000/432243466 lines written in 12.71s. Estimated time to completion is 6.00 hours.
92600000/432243466 lines written in 19.80s. Estimated time to completion is 9.34 hours.
92800000/432243466 lines written in 16.01s. Estimated time to completion is 7.55 hours.
93000000/432243466 lines written in 19.58s. Estimated time to completion is 9.23 hours.
93200000/432243466 lines written in 12.09s. Estimated time to completion is 5.69 hours.
93400000/432243466 lines written in 18.77s. Estimated time to completion is 8.83 hours.
93600000/432243466 lines written in 16.51s. Estimated time to completion is 7.76 hours.
93800000/432243466 lines written in 21.71s. Estimated time to completion is 10.20 hours.
94000000/432243466 lines written in 23.79s. Estimated time to completion is 11.18 hours.
94200000/432243466 lines written in 22.27s. Estimated time to completion is 10.46 hours.
94400000/432243466 lines written in 23.54s. Estimated time to completion is 11.05 hours.
94600000/432243466 lines written in 13.94s. Estimated time to completion is 6.54 hours.
94800000/432243466 lines written in 11.94s. Estimated time to completion is 5.60 hours.
95000000/432243466 lines written in 20.26s. Estimated time to completion is 9.49 hours.
95200000/432243466 lines written in 13.34s. Estimated time to completion is 6.24 hours.
95400000/432243466 lines written in 12.70s. Estimated time to completion is 5.94 hours.
95600000/432243466 lines written in 12.04s. Estimated time to completion is 5.63 hours.
95800000/432243466 lines written in 8.89s. Estimated time to completion is 4.15 hours.
Done! Read 95900305 lines
Finished processing 95900305 in 9915.282465219498s
